<?xml version="1.0" encoding="utf-8"?><testsuites name="pytest tests"><testsuite name="pytest" errors="0" failures="0" skipped="0" tests="9" time="3.488" timestamp="2026-08-17T13:06:47.492633+00:00" hostname="agent-env-6ca2cad1-fe08-4793-b2d2-1ffe7b99f7b9"><testcase classname="tests.test_bot" name="test_status_shape_new_fields" time="0.431" /><testcase classname="tests.test_bot" name="test_config_clamps" time="0.180" /><testcase classname="tests.test_bot" name="test_disabled_bot_ignores_signals" time="0.300" /><testcase classname="tests.test_bot" name="test_two_buy_signals_open_position" time="0.649" /><testcase classname="tests.test_bot" name="test_single_signal_does_not_open" time="0.166" /><testcase classname="tests.test_bot" name="test_sell_signal_closes_position" time="0.373" /><testcase classname="tests.test_bot" name="test_close_all_and_reset_daily" time="0.509" /><testcase classname="tests.test_bot" name="test_config_persists" time="0.312" /><testcase classname="tests.test_bot" name="test_cleanup" time="0.225" /></testsuite></testsuites>