<?xml version="1.0" encoding="utf-8"?><testsuites name="pytest tests"><testsuite name="pytest" errors="0" failures="0" skipped="0" tests="11" time="5.454" timestamp="2026-08-18T02:17:05.943053+00:00" hostname="agent-env-6ca2cad1-fe08-4793-b2d2-1ffe7b99f7b9"><testcase classname="tests.test_bot" name="test_alerts_feeding_when_bot_disabled" time="0.715" /><testcase classname="tests.test_bot" name="test_volume_gate_blocks" time="1.068" /><testcase classname="tests.test_bot" name="test_status_shape_new_fields" time="0.202" /><testcase classname="tests.test_bot" name="test_config_clamps" time="0.200" /><testcase classname="tests.test_bot" name="test_disabled_bot_ignores_signals" time="0.331" /><testcase classname="tests.test_bot" name="test_two_buy_signals_open_position" time="0.732" /><testcase classname="tests.test_bot" name="test_single_signal_does_not_open" time="0.217" /><testcase classname="tests.test_bot" name="test_sell_signal_closes_position" time="0.438" /><testcase classname="tests.test_bot" name="test_close_all_and_reset_daily" time="0.560" /><testcase classname="tests.test_bot" name="test_config_persists" time="0.344" /><testcase classname="tests.test_bot" name="test_cleanup" time="0.266" /></testsuite></testsuites>