<?xml version="1.0" encoding="utf-8"?><testsuites name="pytest tests"><testsuite name="pytest" errors="0" failures="0" skipped="0" tests="8" time="3.281" timestamp="2026-08-25T11:13:22.912586+00:00" hostname="agent-env-6ca2cad1-fe08-4793-b2d2-1ffe7b99f7b9"><testcase classname="tests.test_delta_and_maxloss.TestDelta" name="test_first_call_full" time="0.152" /><testcase classname="tests.test_delta_and_maxloss.TestDelta" name="test_second_call_partial" time="1.332" /><testcase classname="tests.test_delta_and_maxloss.TestDelta" name="test_param_change_forces_full" time="0.140" /><testcase classname="tests.test_delta_and_maxloss.TestDelta" name="test_backwards_compat_tokens" time="0.079" /><testcase classname="tests.test_delta_and_maxloss.TestMarketOverviewEnriched" name="test_eth_gas_and_btc_block" time="0.293" /><testcase classname="tests.test_delta_and_maxloss.TestMaxLossCap" name="test_config_accepts_max_loss" time="0.119" /><testcase classname="tests.test_delta_and_maxloss.TestMaxLossCap" name="test_hard_cap_force_closes" time="0.889" /><testcase classname="tests.test_delta_and_maxloss.TestMaxLossCap" name="test_restore_safe_defaults" time="0.222" /></testsuite></testsuites>