<?xml version="1.0" encoding="utf-8"?><testsuites name="pytest tests"><testsuite name="pytest" errors="0" failures="0" skipped="0" tests="6" time="8.407" timestamp="2026-09-04T08:35:53.658970+00:00" hostname="agent-env-6ca2cad1-fe08-4793-b2d2-1ffe7b99f7b9"><testcase classname="tests.test_hl_diagnose" name="test_hl_diagnose" time="0.957" /><testcase classname="tests.test_hl_diagnose" name="test_hl_account" time="1.256" /><testcase classname="tests.test_hl_diagnose" name="test_bot_status_has_hl_fields" time="0.136" /><testcase classname="tests.test_hl_diagnose" name="test_tokens" time="0.141" /><testcase classname="tests.test_hl_diagnose" name="test_live_hl_signal_fails_gracefully" time="5.240" /><testcase classname="tests.test_hl_diagnose" name="test_zzz_restore_sim_defaults" time="0.258" /></testsuite></testsuites>