<?xml version="1.0" encoding="utf-8"?><testsuites name="pytest tests"><testsuite name="pytest" errors="0" failures="0" skipped="0" tests="6" time="27.110" timestamp="2026-09-04T09:46:50.497170+00:00" hostname="agent-env-6ca2cad1-fe08-4793-b2d2-1ffe7b99f7b9"><testcase classname="tests.test_hl_symbol_fix" name="test_hyperliquid_resolve_strips_usdt" time="1.903" /><testcase classname="tests.test_hl_symbol_fix" name="test_diagnose_still_ok" time="1.254" /><testcase classname="tests.test_hl_symbol_fix" name="test_bot_status_returns_config" time="0.171" /><testcase classname="tests.test_hl_symbol_fix" name="test_tokens_endpoint" time="0.140" /><testcase classname="tests.test_hl_symbol_fix" name="test_no_new_keyerror_in_bot_loop" time="20.270" /><testcase classname="tests.test_hl_symbol_fix" name="test_live_hl_error_uses_base_coin" time="3.316" /></testsuite></testsuites>