<?xml version="1.0" encoding="utf-8"?><testsuites name="pytest tests"><testsuite name="pytest" errors="0" failures="0" skipped="0" tests="13" time="46.175" timestamp="2026-09-09T06:29:52.466723+00:00" hostname="agent-env-6ca2cad1-fe08-4793-b2d2-1ffe7b99f7b9"><testcase classname="tests.test_hybrid_power" name="test_module_long_signal" time="0.000" /><testcase classname="tests.test_hybrid_power" name="test_module_short_signal" time="0.000" /><testcase classname="tests.test_hybrid_power" name="test_module_no_signal_low_power" time="0.000" /><testcase classname="tests.test_hybrid_power" name="test_buffer_prunes_older_than_300s" time="0.000" /><testcase classname="tests.test_hybrid_power" name="test_normal_avg_defaults" time="0.000" /><testcase classname="tests.test_hybrid_power" name="test_get_hybrid_shape" time="0.327" /><testcase classname="tests.test_hybrid_power" name="test_config_clamps" time="0.158" /><testcase classname="tests.test_hybrid_power" name="test_config_restore_defaults_and_toggle" time="0.306" /><testcase classname="tests.test_hybrid_power" name="test_rows_update_across_calls" time="3.151" /><testcase classname="tests.test_hybrid_power" name="test_execution_wiring_sim" time="32.499" /><testcase classname="tests.test_hybrid_power" name="test_toggle_off_no_new_hybrid_positions" time="9.383" /><testcase classname="tests.test_hybrid_power" name="test_no_crash_in_logs" time="0.054" /><testcase classname="tests.test_hybrid_power" name="test_restore_safe_defaults" time="0.223" /></testsuite></testsuites>