<?xml version="1.0" encoding="utf-8"?><testsuites name="pytest tests"><testsuite name="pytest" errors="0" failures="0" skipped="0" tests="15" time="34.552" timestamp="2026-09-10T12:28:38.882279+00:00" hostname="agent-env-6ca2cad1-fe08-4793-b2d2-1ffe7b99f7b9"><testcase classname="tests.test_hybrid_trailing.TestTrailStopOffset" name="test_below_secure" time="0.000" /><testcase classname="tests.test_hybrid_trailing.TestTrailStopOffset" name="test_at_secure" time="0.000" /><testcase classname="tests.test_hybrid_trailing.TestTrailStopOffset" name="test_step1" time="0.000" /><testcase classname="tests.test_hybrid_trailing.TestTrailStopOffset" name="test_step2" time="0.000" /><testcase classname="tests.test_hybrid_trailing.TestOrderbook" name="test_orderbook[BTCUSDT]" time="0.898" /><testcase classname="tests.test_hybrid_trailing.TestOrderbook" name="test_orderbook[ETHUSDT]" time="0.352" /><testcase classname="tests.test_hybrid_trailing.TestOrderbook" name="test_orderbook[SOLUSDT]" time="0.280" /><testcase classname="tests.test_hybrid_trailing.TestConfigAndClamps" name="test_hybrid_config_has_all_keys" time="0.157" /><testcase classname="tests.test_hybrid_trailing.TestConfigAndClamps" name="test_rows_present" time="0.198" /><testcase classname="tests.test_hybrid_trailing.TestConfigAndClamps" name="test_obdelta_toggle_persists" time="0.634" /><testcase classname="tests.test_hybrid_trailing.TestConfigAndClamps" name="test_clamps" time="0.321" /><testcase classname="tests.test_hybrid_trailing.TestConfigAndClamps" name="test_restore_defaults" time="0.294" /><testcase classname="tests.test_hybrid_trailing.TestExecutionFilter" name="test_run_sim_briefly" time="30.584" /><testcase classname="tests.test_hybrid_trailing.TestExecutionFilter" name="test_status_and_tokens_ok" time="0.303" /><testcase classname="tests.test_hybrid_trailing.TestZCleanup" name="test_close_and_restore" time="0.453" /></testsuite></testsuites>