<?xml version="1.0" encoding="utf-8"?><testsuites name="pytest tests"><testsuite name="pytest" errors="0" failures="0" skipped="0" tests="5" time="5.027" timestamp="2026-09-11T15:54:45.935622+00:00" hostname="agent-env-6ca2cad1-fe08-4793-b2d2-1ffe7b99f7b9"><testcase classname="tests.test_straddle_trailing.TestTrailConfig" name="test_trail_fields_accepted_and_persisted" time="0.500" /><testcase classname="tests.test_straddle_trailing.TestTrailConfig" name="test_trail_fields_clamped" time="0.216" /><testcase classname="tests.test_straddle_trailing.TestStraddleArmJournal" name="test_arm_journal_mentions_smart_trailing_not_fixed_tp_sl" time="0.611" /><testcase classname="tests.test_straddle_trailing.TestStraddleFillUsesTrailing" name="test_filled_leg_has_no_fixed_tp_and_trail_sl" time="1.457" /><testcase classname="tests.test_straddle_trailing.TestNonStraddleRegression" name="test_normal_signal_still_gets_fixed_tp" time="2.192" /></testsuite></testsuites>