<?xml version="1.0" encoding="utf-8"?><testsuites name="pytest tests"><testsuite name="pytest" errors="0" failures="1" skipped="0" tests="23" time="3.263" timestamp="2026-08-15T14:00:53.112230+00:00" hostname="agent-env-6ca2cad1-fe08-4793-b2d2-1ffe7b99f7b9"><testcase classname="tests.backend_test.TestTokens" name="test_default_1s" time="0.460" /><testcase classname="tests.backend_test.TestTokenDetail" name="test_btc_all_timeframes" time="0.467" /><testcase classname="tests.backend_test.TestTokens" name="test_all_timeframes[1s]" time="0.167" /><testcase classname="tests.backend_test.TestTokenDetail" name="test_unknown_symbol" time="0.185" /><testcase classname="tests.backend_test.TestTokens" name="test_all_timeframes[5s]" time="0.130" /><testcase classname="tests.backend_test.TestEngineStatus" name="test_engine_status_ok" time="0.143" /><testcase classname="tests.backend_test.TestTokens" name="test_all_timeframes[15s]" time="0.116" /><testcase classname="tests.backend_test.TestMarketOverview" name="test_market_overview" time="0.542"><failure message="assert (None)">backend/tests/backend_test.py:110: in test_market_overview
    assert m["totalMarketCap"] and m["btcDominance"]
E   assert (None)</failure></testcase><testcase classname="tests.backend_test.TestTokens" name="test_all_timeframes[30s]" time="0.132" /><testcase classname="tests.backend_test.TestTokens" name="test_all_timeframes[1m]" time="0.126" /><testcase classname="tests.backend_test.TestTokens" name="test_all_timeframes[5m]" time="0.184" /><testcase classname="tests.backend_test.TestTokens" name="test_all_timeframes[15m]" time="0.115" /><testcase classname="tests.backend_test.TestTokens" name="test_all_timeframes[30m]" time="0.114" /><testcase classname="tests.backend_test.TestTokens" name="test_all_timeframes[1h]" time="0.116" /><testcase classname="tests.backend_test.TestTokens" name="test_all_timeframes[2h]" time="0.120" /><testcase classname="tests.backend_test.TestTokens" name="test_all_timeframes[4h]" time="0.126" /><testcase classname="tests.backend_test.TestTokens" name="test_all_timeframes[1d]" time="0.118" /><testcase classname="tests.backend_test.TestTokens" name="test_all_timeframes[4d]" time="0.131" /><testcase classname="tests.backend_test.TestTokens" name="test_all_timeframes[7d]" time="0.118" /><testcase classname="tests.backend_test.TestTokens" name="test_all_timeframes[10d]" time="0.139" /><testcase classname="tests.backend_test.TestTokens" name="test_bad_timeframe" time="0.098" /><testcase classname="tests.backend_test.TestTokens" name="test_search_filter" time="0.103" /><testcase classname="tests.backend_test.TestTokens" name="test_sort_change_desc" time="0.118" /></testsuite></testsuites>