<?xml version="1.0" encoding="utf-8"?><testsuites name="pytest tests"><testsuite name="pytest" errors="0" failures="0" skipped="2" tests="6" time="62.785" timestamp="2026-09-05T07:44:24.119251+00:00" hostname="agent-env-6ca2cad1-fe08-4793-b2d2-1ffe7b99f7b9"><testcase classname="tests.test_straddle_tpsl" name="test_status_contains_hl_native_tpsl_and_flags" time="0.107" /><testcase classname="tests.test_straddle_tpsl" name="test_tokens_endpoint_ok" time="0.117" /><testcase classname="tests.test_straddle_tpsl" name="test_hyperliquid_diagnose_mainnet" time="1.423" /><testcase classname="tests.test_straddle_tpsl" name="test_straddle_tpsl_closes_with_autoexit_off" time="0.549"><skipped type="pytest.skip" message="straddle did not fill within timeout for DOGEUSDT; market too calm">/app/backend/tests/test_straddle_tpsl.py:127: straddle did not fill within timeout for DOGEUSDT; market too calm</skipped></testcase><testcase classname="tests.test_straddle_tpsl" name="test_normal_position_respects_autoexit_toggle" time="59.903"><skipped type="pytest.skip" message="market did not move 0.02% within window to test autoExit=on close">/app/backend/tests/test_straddle_tpsl.py:188: market did not move 0.02% within window to test autoExit=on close</skipped></testcase><testcase classname="tests.test_straddle_tpsl" name="test_z_final_cleanup_and_no_backend_crashes" time="0.326" /></testsuite></testsuites>