<?xml version="1.0" encoding="utf-8"?><testsuites name="pytest tests"><testsuite name="pytest" errors="0" failures="0" skipped="0" tests="7" time="10.693" timestamp="2026-09-01T09:50:58.257136+00:00" hostname="agent-env-6ca2cad1-fe08-4793-b2d2-1ffe7b99f7b9"><testcase classname="tests.test_straddle.TestStraddleConfig" name="test_persist_and_echo" time="0.207" /><testcase classname="tests.test_straddle.TestStraddleConfig" name="test_clamps" time="0.057" /><testcase classname="tests.test_straddle.TestStraddleArm" name="test_arm_pending" time="0.444" /><testcase classname="tests.test_straddle.TestStraddleFillOCO" name="test_tiny_band_fill_and_oco" time="2.685" /><testcase classname="tests.test_straddle.TestStraddleShortSide" name="test_short_leg_or_long_only" time="5.142" /><testcase classname="tests.test_straddle.TestCloseAllCleanup" name="test_close_all_clears_positions_and_straddles" time="0.382" /><testcase classname="tests.test_straddle.TestNonStraddleRegression" name="test_normal_long_entry" time="1.700" /></testsuite></testsuites>